<?xml version="1.0" encoding="UTF-8"?>
<testsuite name="com.example.project.TestBook" tests="3" skipped="0" failures="0" errors="0" timestamp="2025-01-27T03:15:17" hostname="codespaces-8b9b53" time="0.053">
  <properties/>
  <testcase name="testBookInfo()" classname="com.example.project.TestBook" time="0.049"/>
  <testcase name="testBookConstructor()" classname="com.example.project.TestBook" time="0.001"/>
  <testcase name="testSetters()" classname="com.example.project.TestBook" time="0.0"/>
  <system-out><![CDATA[]]></system-out>
  <system-err><![CDATA[]]></system-err>
</testsuite>
