<?xml version="1.0" encoding="UTF-8"?>
<testsuite name="com.example.project.TestUser" tests="2" skipped="0" failures="0" errors="0" timestamp="2025-01-27T20:16:54" hostname="codespaces-8b9b53" time="0.058">
  <properties/>
  <testcase name="testUserConstructor()" classname="com.example.project.TestUser" time="0.047"/>
  <testcase name="testUserInfo()" classname="com.example.project.TestUser" time="0.009"/>
  <system-out><![CDATA[]]></system-out>
  <system-err><![CDATA[]]></system-err>
</testsuite>
